error: UserRepository: Error al eliminar al usuario con ID: 2. {"timestamp":"13/Nov/2023:21:55:39 -0400"}
error: Error al eliminar al usuario con ID: 2. Error: Error: Usuario no encontrado {"timestamp":"13/Nov/2023:21:55:39 -0400"}
error: Error al actualizar al usuario con ID: undefined. Error: QueryFailedError: ER_DUP_ENTRY: Duplicate entry 'nuevoemail@example.com' for key 'user_entity.IDX_415c35b9b3b6fe45a3b065030f' {"timestamp":"13/Nov/2023:22:15:19 -0400"}
error: Error al actualizar al usuario con ID: b4f8c0ee-795e-4728-a10b-2a8caa7d1eae. Error: QueryFailedError: ER_DUP_ENTRY: Duplicate entry 'nuevoemail@example.com' for key 'user_entity.IDX_415c35b9b3b6fe45a3b065030f' {"timestamp":"13/Nov/2023:22:16:22 -0400"}
error: El usuario con el email: test@example.com no existe {"timestamp":"23/Nov/2023:13:02:33 -0400"}
error: El usuario con el email: test@example.com no existe {"timestamp":"23/Nov/2023:13:03:46 -0400"}
error: El usuario con el email: test@example.com no existe {"timestamp":"23/Nov/2023:13:04:22 -0400"}
error: El usuario con el email: test@example.com no existe {"timestamp":"23/Nov/2023:13:13:15 -0400"}
error: El usuario con el email: test@example.com no existe {"timestamp":"23/Nov/2023:13:13:15 -0400"}
error: El usuario con el email: test@example.com no existe {"timestamp":"23/Nov/2023:13:55:29 -0400"}
error: La contraseña es incorrecta : dsferfre {"timestamp":"23/Nov/2023:13:55:29 -0400"}
error: El usuario con el email: test@example.com no existe {"timestamp":"24/Nov/2023:00:21:25 -0400"}
error: El usuario con el email: test@example.com no existe {"timestamp":"24/Nov/2023:00:24:54 -0400"}
error: El usuario con el email: test@example.com no existe {"timestamp":"24/Nov/2023:00:27:37 -0400"}
error: El usuario con el email: test@example.com no existe {"timestamp":"24/Nov/2023:00:28:04 -0400"}
error: El usuario con el email: test@example.com no existe {"timestamp":"24/Nov/2023:00:28:15 -0400"}
error: El usuario con el email: test@example.com no existe {"timestamp":"24/Nov/2023:00:35:29 -0400"}
error: El usuario con el email: test@example.com no existe {"timestamp":"24/Nov/2023:00:39:34 -0400"}
error: El usuario con el email: test@example.com no existe {"timestamp":"24/Nov/2023:00:40:08 -0400"}
error: El usuario con el email: test@example.com no existe {"timestamp":"24/Nov/2023:00:40:45 -0400"}
error: El usuario con el email: test@example.com no existe {"timestamp":"24/Nov/2023:00:51:41 -0400"}
error: La contraseña es incorrecta : pasfdsdfssword {"timestamp":"24/Nov/2023:00:51:42 -0400"}
error: El usuario con el email: test@example.com no existe {"timestamp":"24/Nov/2023:00:52:03 -0400"}
error: La contraseña es incorrecta : pasfdsdfssword {"timestamp":"24/Nov/2023:00:52:03 -0400"}
error: El usuario con el email: test@example.com no existe {"timestamp":"24/Nov/2023:00:53:18 -0400"}
error: La contraseña es incorrecta : pasfdsdfssword {"timestamp":"24/Nov/2023:00:53:18 -0400"}
error: El usuario con el email: test@example.com no existe {"timestamp":"24/Nov/2023:00:53:40 -0400"}
error: La contraseña es incorrecta : pasfdsdfssword {"timestamp":"24/Nov/2023:00:53:40 -0400"}
error: El usuario con el email: test@example.com no existe {"timestamp":"24/Nov/2023:00:54:31 -0400"}
error: La contraseña es incorrecta : pasfdsdfssword {"timestamp":"24/Nov/2023:00:54:31 -0400"}
error: El usuario con el email: test@example.com no existe {"timestamp":"24/Nov/2023:00:56:12 -0400"}
error: El usuario con el email: test@example.com no existe {"timestamp":"24/Nov/2023:00:56:40 -0400"}
error: La contraseña es incorrecta : pasfdsdfssword {"timestamp":"24/Nov/2023:00:56:41 -0400"}
